2020-08-20 07:25:43 DEBUG TestBase:41 - fetch the browser to run the test
2020-08-20 07:25:43 DEBUG TestBase:30 - Fetching the Properties from config.properties file
2020-08-20 07:25:43 DEBUG TestBase:31 - create object for Properties class
2020-08-20 07:25:43 DEBUG TestBase:34 - load all the properties
2020-08-20 07:25:51 DEBUG TestBase:67 - maximize the window
2020-08-20 07:25:54 DEBUG TestBase:69 - add implicit wait
2020-08-20 07:25:54 DEBUG TestBase:72 -  create Object for WebDriverWait class
2020-08-20 07:25:54 DEBUG TestBase:30 - Fetching the Properties from config.properties file
2020-08-20 07:25:54 DEBUG TestBase:31 - create object for Properties class
2020-08-20 07:25:54 DEBUG TestBase:34 - load all the properties
2020-08-20 07:25:54 DEBUG TestBase:78 - open the url:https://www.linkedin.com/
2020-08-20 07:25:54 DEBUG TestBase:30 - Fetching the Properties from config.properties file
2020-08-20 07:25:54 DEBUG TestBase:31 - create object for Properties class
2020-08-20 07:25:54 DEBUG TestBase:34 - load all the properties
2020-08-20 07:26:06 DEBUG TestBase:30 - Fetching the Properties from config.properties file
2020-08-20 07:26:06 DEBUG TestBase:31 - create object for Properties class
2020-08-20 07:26:06 DEBUG TestBase:34 - load all the properties
2020-08-20 07:26:06 DEBUG TestBase:30 - Fetching the Properties from config.properties file
2020-08-20 07:26:06 DEBUG TestBase:31 - create object for Properties class
2020-08-20 07:26:06 DEBUG TestBase:34 - load all the properties
2020-08-20 07:26:06 DEBUG TestBase:30 - Fetching the Properties from config.properties file
2020-08-20 07:26:07 DEBUG TestBase:31 - create object for Properties class
2020-08-20 07:26:07 DEBUG TestBase:34 - load all the properties
2020-08-20 07:26:07 DEBUG TestBase:30 - Fetching the Properties from config.properties file
2020-08-20 07:26:07 DEBUG TestBase:31 - create object for Properties class
2020-08-20 07:26:07 DEBUG TestBase:34 - load all the properties
2020-08-20 07:26:36 DEBUG ExcelUtils:29 - Specify the path of file :D:\eclipseworkspaceAug2018\HybridFrameworkAug122020\src\test\java\com\qa\linkedin\data\searchData.xlsx
2020-08-20 07:26:36 DEBUG ExcelUtils:32 - read the file
2020-08-20 07:26:36 DEBUG ExcelUtils:34 - Load workbook
2020-08-20 07:26:38 DEBUG ExcelUtils:39 - fetch the row count
2020-08-20 07:26:38 DEBUG ExcelUtils:41 - number of rows in the excel sheet is-->3
2020-08-20 07:26:38 DEBUG ExcelUtils:43 - number of columns in the excel sheet is -->1
2020-08-20 07:27:15 DEBUG cache:45 - Couldn't find template in cache for "v3html/v3-html-index.ftl"("en", UTF-8, parsed); will try to load it.
2020-08-20 07:27:15 DEBUG cache:45 - TemplateLoader.findTemplateSource("v3html/v3-html-index_en.ftl"): Not found
2020-08-20 07:27:15 DEBUG cache:45 - TemplateLoader.findTemplateSource("v3html/v3-html-index.ftl"): Found
2020-08-20 07:27:15 DEBUG cache:45 - Loading template for "v3html/v3-html-index.ftl"("en", UTF-8, parsed) from "jar:file:/C:/Users/LENOVO/.m2/repository/com/aventstack/extentreports/4.0.9/extentreports-4.0.9.jar!/com/aventstack/extentreports/view/v3html/v3-html-index.ftl"
2020-08-20 07:27:16 DEBUG cache:45 - Couldn't find template in cache for "v3html/v3-html-head.ftl"("en", UTF-8, parsed); will try to load it.
2020-08-20 07:27:16 DEBUG cache:45 - TemplateLoader.findTemplateSource("v3html/v3-html-head_en.ftl"): Not found
2020-08-20 07:27:16 DEBUG cache:45 - TemplateLoader.findTemplateSource("v3html/v3-html-head.ftl"): Found
2020-08-20 07:27:16 DEBUG cache:45 - Loading template for "v3html/v3-html-head.ftl"("en", UTF-8, parsed) from "jar:file:/C:/Users/LENOVO/.m2/repository/com/aventstack/extentreports/4.0.9/extentreports-4.0.9.jar!/com/aventstack/extentreports/view/v3html/v3-html-head.ftl"
2020-08-20 07:27:16 DEBUG cache:45 - Couldn't find template in cache for "v3html/v3-html-nav.ftl"("en", UTF-8, parsed); will try to load it.
2020-08-20 07:27:16 DEBUG cache:45 - TemplateLoader.findTemplateSource("v3html/v3-html-nav_en.ftl"): Not found
2020-08-20 07:27:16 DEBUG cache:45 - TemplateLoader.findTemplateSource("v3html/v3-html-nav.ftl"): Found
2020-08-20 07:27:16 DEBUG cache:45 - Loading template for "v3html/v3-html-nav.ftl"("en", UTF-8, parsed) from "jar:file:/C:/Users/LENOVO/.m2/repository/com/aventstack/extentreports/4.0.9/extentreports-4.0.9.jar!/com/aventstack/extentreports/view/v3html/v3-html-nav.ftl"
2020-08-20 07:27:16 DEBUG cache:45 - Couldn't find template in cache for "v3html/test-view/v3-html-test-view.ftl"("en", UTF-8, parsed); will try to load it.
2020-08-20 07:27:16 DEBUG cache:45 - TemplateLoader.findTemplateSource("v3html/test-view/v3-html-test-view_en.ftl"): Not found
2020-08-20 07:27:16 DEBUG cache:45 - TemplateLoader.findTemplateSource("v3html/test-view/v3-html-test-view.ftl"): Found
2020-08-20 07:27:16 DEBUG cache:45 - Loading template for "v3html/test-view/v3-html-test-view.ftl"("en", UTF-8, parsed) from "jar:file:/C:/Users/LENOVO/.m2/repository/com/aventstack/extentreports/4.0.9/extentreports-4.0.9.jar!/com/aventstack/extentreports/view/v3html/test-view/v3-html-test-view.ftl"
2020-08-20 07:27:16 DEBUG cache:45 - Couldn't find template in cache for "v3html/test-view/v3-html-test-view-charts.ftl"("en", UTF-8, parsed); will try to load it.
2020-08-20 07:27:16 DEBUG cache:45 - TemplateLoader.findTemplateSource("v3html/test-view/v3-html-test-view-charts_en.ftl"): Not found
2020-08-20 07:27:16 DEBUG cache:45 - TemplateLoader.findTemplateSource("v3html/test-view/v3-html-test-view-charts.ftl"): Found
2020-08-20 07:27:16 DEBUG cache:45 - Loading template for "v3html/test-view/v3-html-test-view-charts.ftl"("en", UTF-8, parsed) from "jar:file:/C:/Users/LENOVO/.m2/repository/com/aventstack/extentreports/4.0.9/extentreports-4.0.9.jar!/com/aventstack/extentreports/view/v3html/test-view/v3-html-test-view-charts.ftl"
2020-08-20 07:27:16 DEBUG cache:45 - Couldn't find template in cache for "v3html/test-view/v3-html-standard.ftl"("en", UTF-8, parsed); will try to load it.
2020-08-20 07:27:16 DEBUG cache:45 - TemplateLoader.findTemplateSource("v3html/test-view/v3-html-standard_en.ftl"): Not found
2020-08-20 07:27:16 DEBUG cache:45 - TemplateLoader.findTemplateSource("v3html/test-view/v3-html-standard.ftl"): Found
2020-08-20 07:27:16 DEBUG cache:45 - Loading template for "v3html/test-view/v3-html-standard.ftl"("en", UTF-8, parsed) from "jar:file:/C:/Users/LENOVO/.m2/repository/com/aventstack/extentreports/4.0.9/extentreports-4.0.9.jar!/com/aventstack/extentreports/view/v3html/test-view/v3-html-standard.ftl"
2020-08-20 07:27:16 DEBUG cache:45 - "v3html/test-view/v3-html-standard.ftl"("en", UTF-8, parsed) cached copy not yet stale; using cached.
2020-08-20 07:27:16 DEBUG cache:45 - "v3html/test-view/v3-html-standard.ftl"("en", UTF-8, parsed) cached copy not yet stale; using cached.
2020-08-20 07:27:16 DEBUG cache:45 - Couldn't find template in cache for "v3html/category-view/v3-html-category-view.ftl"("en", UTF-8, parsed); will try to load it.
2020-08-20 07:27:16 DEBUG cache:45 - TemplateLoader.findTemplateSource("v3html/category-view/v3-html-category-view_en.ftl"): Not found
2020-08-20 07:27:16 DEBUG cache:45 - TemplateLoader.findTemplateSource("v3html/category-view/v3-html-category-view.ftl"): Found
2020-08-20 07:27:16 DEBUG cache:45 - Loading template for "v3html/category-view/v3-html-category-view.ftl"("en", UTF-8, parsed) from "jar:file:/C:/Users/LENOVO/.m2/repository/com/aventstack/extentreports/4.0.9/extentreports-4.0.9.jar!/com/aventstack/extentreports/view/v3html/category-view/v3-html-category-view.ftl"
2020-08-20 07:27:16 DEBUG cache:45 - Couldn't find template in cache for "v3html/exception-view/v3-html-exception-view.ftl"("en", UTF-8, parsed); will try to load it.
2020-08-20 07:27:16 DEBUG cache:45 - TemplateLoader.findTemplateSource("v3html/exception-view/v3-html-exception-view_en.ftl"): Not found
2020-08-20 07:27:16 DEBUG cache:45 - TemplateLoader.findTemplateSource("v3html/exception-view/v3-html-exception-view.ftl"): Found
2020-08-20 07:27:16 DEBUG cache:45 - Loading template for "v3html/exception-view/v3-html-exception-view.ftl"("en", UTF-8, parsed) from "jar:file:/C:/Users/LENOVO/.m2/repository/com/aventstack/extentreports/4.0.9/extentreports-4.0.9.jar!/com/aventstack/extentreports/view/v3html/exception-view/v3-html-exception-view.ftl"
2020-08-20 07:27:16 DEBUG cache:45 - Couldn't find template in cache for "v3html/author-view/v3-html-author-view.ftl"("en", UTF-8, parsed); will try to load it.
2020-08-20 07:27:16 DEBUG cache:45 - TemplateLoader.findTemplateSource("v3html/author-view/v3-html-author-view_en.ftl"): Not found
2020-08-20 07:27:16 DEBUG cache:45 - TemplateLoader.findTemplateSource("v3html/author-view/v3-html-author-view.ftl"): Found
2020-08-20 07:27:16 DEBUG cache:45 - Loading template for "v3html/author-view/v3-html-author-view.ftl"("en", UTF-8, parsed) from "jar:file:/C:/Users/LENOVO/.m2/repository/com/aventstack/extentreports/4.0.9/extentreports-4.0.9.jar!/com/aventstack/extentreports/view/v3html/author-view/v3-html-author-view.ftl"
2020-08-20 07:27:16 DEBUG cache:45 - Couldn't find template in cache for "v3html/dashboard-view/v3-html-dashboard-view.ftl"("en", UTF-8, parsed); will try to load it.
2020-08-20 07:27:16 DEBUG cache:45 - TemplateLoader.findTemplateSource("v3html/dashboard-view/v3-html-dashboard-view_en.ftl"): Not found
2020-08-20 07:27:16 DEBUG cache:45 - TemplateLoader.findTemplateSource("v3html/dashboard-view/v3-html-dashboard-view.ftl"): Found
2020-08-20 07:27:16 DEBUG cache:45 - Loading template for "v3html/dashboard-view/v3-html-dashboard-view.ftl"("en", UTF-8, parsed) from "jar:file:/C:/Users/LENOVO/.m2/repository/com/aventstack/extentreports/4.0.9/extentreports-4.0.9.jar!/com/aventstack/extentreports/view/v3html/dashboard-view/v3-html-dashboard-view.ftl"
2020-08-20 07:27:16 DEBUG cache:45 - Couldn't find template in cache for "v3html/logs-view/v3-html-testrunner-logs-view.ftl"("en", UTF-8, parsed); will try to load it.
2020-08-20 07:27:16 DEBUG cache:45 - TemplateLoader.findTemplateSource("v3html/logs-view/v3-html-testrunner-logs-view_en.ftl"): Not found
2020-08-20 07:27:16 DEBUG cache:45 - TemplateLoader.findTemplateSource("v3html/logs-view/v3-html-testrunner-logs-view.ftl"): Found
2020-08-20 07:27:16 DEBUG cache:45 - Loading template for "v3html/logs-view/v3-html-testrunner-logs-view.ftl"("en", UTF-8, parsed) from "jar:file:/C:/Users/LENOVO/.m2/repository/com/aventstack/extentreports/4.0.9/extentreports-4.0.9.jar!/com/aventstack/extentreports/view/v3html/logs-view/v3-html-testrunner-logs-view.ftl"
2020-08-20 07:27:16 DEBUG TestBase:84 - close the browser
